Fri, 09 Nov 2018 13:05:40 GMT connect deprecated multipart: use parser (multiparty, busboy, formidable) npm module instead at node_modules/express/node_modules/connect/lib/middleware/bodyParser.js:56:20
Fri, 09 Nov 2018 13:05:40 GMT connect deprecated limit: Restrict request size at location of read at node_modules/express/node_modules/connect/lib/middleware/multipart.js:86:15
Connected To mySQL
Listening on port 34567
::
Request made by to AutoLogIng  : ::ffff:156.34.26.69
Request made by : ::ffff:156.34.26.69
Checking record for At Host: username1
username1
1
{ content: { user: 1 },
  createdAt: 1541768748515,
  duration: 9007199254740991 }
User Connected iD:1
User Connect To User Id: 1 Room Count: 1
Getting users For User
Getting users For User: 1
{ content: { user: 1 },
  createdAt: 1541768748515,
  duration: 9007199254740991 }
412
OkPacket {
  fieldCount: 0,
  affectedRows: 1,
  insertId: 412,
  serverStatus: 2,
  warningCount: 0,
  message: '',
  protocol41: true,
  changedRows: 0 }
[ RowDataPacket {
    messageId: 412,
    toID: 12,
    fromID: 1,
    messagebody: 'hey',
    dateTime: Fri Nov 09 2018 09:10:07 GMT-0400 (AST),
    isRead: 0 } ]
